\BOOKMARK [0][-]{chapter.1}{\376\377\0001\000\040\004\037\004\100\004\060\004\072\004\102\004\070\004\107\004\065\004\101\004\072\004\060\004\117\000\040\004\100\004\060\004\061\004\076\004\102\004\060\000\040\004\077\004\076\000\040\004\041\004\070\004\020\004\036\004\024}{}% 1
\BOOKMARK [0][-]{chapter.2}{\376\377\0002\000\040\004\030\004\065\004\100\004\060\004\100\004\105\004\070\004\107\004\065\004\101\004\072\004\070\004\071\000\040\004\101\004\077\004\070\004\101\004\076\004\072\000\040\004\072\004\073\004\060\004\101\004\101\004\076\004\062}{}% 2
\BOOKMARK [1][-]{section.2.1}{\376\377\0002\000.\0001\000\040\004\030\004\065\004\100\004\060\004\100\004\105\004\070\004\117\000\040\004\072\004\073\004\060\004\101\004\101\004\076\004\062}{chapter.2}% 3
\BOOKMARK [0][-]{chapter.3}{\376\377\0003\000\040\004\020\004\073\004\104\004\060\004\062\004\070\004\102\004\075\004\113\004\071\000\040\004\103\004\072\004\060\004\067\004\060\004\102\004\065\004\073\004\114\000\040\004\072\004\073\004\060\004\101\004\101\004\076\004\062}{}% 4
\BOOKMARK [1][-]{section.3.1}{\376\377\0003\000.\0001\000\040\004\032\004\073\004\060\004\101\004\101\004\113}{chapter.3}% 5
\BOOKMARK [0][-]{chapter.4}{\376\377\0004\000\040\004\041\004\077\004\070\004\101\004\076\004\072\000\040\004\104\004\060\004\071\004\073\004\076\004\062}{}% 6
\BOOKMARK [1][-]{section.4.1}{\376\377\0004\000.\0001\000\040\004\044\004\060\004\071\004\073\004\113}{chapter.4}% 7
\BOOKMARK [0][-]{chapter.5}{\376\377\0005\000\040\004\032\004\073\004\060\004\101\004\101\004\113}{}% 8
\BOOKMARK [1][-]{section.5.1}{\376\377\0005\000.\0001\000\040\004\050\004\060\004\061\004\073\004\076\004\075\000\040\004\072\004\073\004\060\004\101\004\101\004\060\000\040\000A\000v\000l\000T\000r\000e\000e\000<\000\040\000T\000\040\000e\000x\000t\000e\000n\000d\000s\000\040\000C\000o\000m\000p\000a\000r\000a\000b\000l\000e\000<\000\040\000T\000\040\000>}{chapter.5}% 9
\BOOKMARK [2][-]{subsection.5.1.1}{\376\377\0005\000.\0001\000.\0001\000\040\004\032\004\076\004\075\004\101\004\102\004\100\004\103\004\072\004\102\004\076\004\100\000\050\004\113\000\051}{section.5.1}% 10
\BOOKMARK [3][-]{subsubsection.5.1.1.1}{\376\377\0005\000.\0001\000.\0001\000.\0001\000\040\000A\000v\000l\000T\000r\000e\000e\000\050\000\051\000\040\000[\0001\000/\0002\000]}{subsection.5.1.1}% 11
\BOOKMARK [3][-]{subsubsection.5.1.1.2}{\376\377\0005\000.\0001\000.\0001\000.\0002\000\040\000A\000v\000l\000T\000r\000e\000e\000\050\000\051\000\040\000[\0002\000/\0002\000]}{subsection.5.1.1}% 12
\BOOKMARK [2][-]{subsection.5.1.2}{\376\377\0005\000.\0001\000.\0002\000\040\004\034\004\065\004\102\004\076\004\064\004\113}{section.5.1}% 13
\BOOKMARK [3][-]{subsubsection.5.1.2.1}{\376\377\0005\000.\0001\000.\0002\000.\0001\000\040\000b\000a\000l\000a\000n\000c\000e\000\050\000\051}{subsection.5.1.2}% 14
\BOOKMARK [3][-]{subsubsection.5.1.2.2}{\376\377\0005\000.\0001\000.\0002\000.\0002\000\040\000c\000o\000m\000p\000a\000r\000e\000B\000r\000a\000n\000c\000h\000e\000s\000L\000e\000n\000g\000t\000h\000\050\000\051}{subsection.5.1.2}% 15
\BOOKMARK [3][-]{subsubsection.5.1.2.3}{\376\377\0005\000.\0001\000.\0002\000.\0003\000\040\000g\000e\000t\000B\000r\000a\000n\000c\000h\000H\000e\000i\000g\000h\000t\000\050\000\051}{subsection.5.1.2}% 16
\BOOKMARK [3][-]{subsubsection.5.1.2.4}{\376\377\0005\000.\0001\000.\0002\000.\0004\000\040\000i\000n\000s\000e\000r\000t\000N\000o\000d\000e\000\050\000\051}{subsection.5.1.2}% 17
\BOOKMARK [3][-]{subsubsection.5.1.2.5}{\376\377\0005\000.\0001\000.\0002\000.\0005\000\040\000l\000e\000f\000t\000R\000o\000t\000a\000t\000e\000\050\000\051}{subsection.5.1.2}% 18
\BOOKMARK [3][-]{subsubsection.5.1.2.6}{\376\377\0005\000.\0001\000.\0002\000.\0006\000\040\000r\000e\000m\000o\000v\000e\000\050\000\051}{subsection.5.1.2}% 19
\BOOKMARK [3][-]{subsubsection.5.1.2.7}{\376\377\0005\000.\0001\000.\0002\000.\0007\000\040\000r\000i\000g\000h\000t\000R\000o\000t\000a\000t\000e\000\050\000\051}{subsection.5.1.2}% 20
\BOOKMARK [3][-]{subsubsection.5.1.2.8}{\376\377\0005\000.\0001\000.\0002\000.\0008\000\040\000u\000p\000d\000a\000t\000e\000B\000r\000a\000n\000c\000h\000H\000e\000i\000g\000h\000t\000\050\000\051}{subsection.5.1.2}% 21
\BOOKMARK [1][-]{section.5.2}{\376\377\0005\000.\0002\000\040\004\050\004\060\004\061\004\073\004\076\004\075\000\040\004\072\004\073\004\060\004\101\004\101\004\060\000\040\000B\000i\000n\000a\000r\000y\000T\000r\000e\000e\000<\000\040\000T\000\040\000e\000x\000t\000e\000n\000d\000s\000\040\000C\000o\000m\000p\000a\000r\000a\000b\000l\000e\000<\000\040\000T\000\040\000>}{chapter.5}% 22
\BOOKMARK [2][-]{subsection.5.2.1}{\376\377\0005\000.\0002\000.\0001\000\040\004\032\004\076\004\075\004\101\004\102\004\100\004\103\004\072\004\102\004\076\004\100\000\050\004\113\000\051}{section.5.2}% 23
\BOOKMARK [3][-]{subsubsection.5.2.1.1}{\376\377\0005\000.\0002\000.\0001\000.\0001\000\040\000B\000i\000n\000a\000r\000y\000T\000r\000e\000e\000\050\000\051\000\040\000[\0001\000/\0002\000]}{subsection.5.2.1}% 24
\BOOKMARK [3][-]{subsubsection.5.2.1.2}{\376\377\0005\000.\0002\000.\0001\000.\0002\000\040\000B\000i\000n\000a\000r\000y\000T\000r\000e\000e\000\050\000\051\000\040\000[\0002\000/\0002\000]}{subsection.5.2.1}% 25
\BOOKMARK [2][-]{subsection.5.2.2}{\376\377\0005\000.\0002\000.\0002\000\040\004\034\004\065\004\102\004\076\004\064\004\113}{section.5.2}% 26
\BOOKMARK [3][-]{subsubsection.5.2.2.1}{\376\377\0005\000.\0002\000.\0002\000.\0001\000\040\000g\000e\000t\000S\000o\000r\000t\000e\000d\000A\000r\000r\000a\000y\000\050\000\051\000\040\000[\0001\000/\0002\000]}{subsection.5.2.2}% 27
\BOOKMARK [3][-]{subsubsection.5.2.2.2}{\376\377\0005\000.\0002\000.\0002\000.\0002\000\040\000g\000e\000t\000S\000o\000r\000t\000e\000d\000A\000r\000r\000a\000y\000\050\000\051\000\040\000[\0002\000/\0002\000]}{subsection.5.2.2}% 28
\BOOKMARK [1][-]{section.5.3}{\376\377\0005\000.\0003\000\040\004\032\004\073\004\060\004\101\004\101\000\040\000M\000a\000i\000n}{chapter.5}% 29
\BOOKMARK [2][-]{subsection.5.3.1}{\376\377\0005\000.\0003\000.\0001\000\040\004\034\004\065\004\102\004\076\004\064\004\113}{section.5.3}% 30
\BOOKMARK [3][-]{subsubsection.5.3.1.1}{\376\377\0005\000.\0003\000.\0001\000.\0001\000\040\000m\000a\000i\000n\000\050\000\051}{subsection.5.3.1}% 31
\BOOKMARK [3][-]{subsubsection.5.3.1.2}{\376\377\0005\000.\0003\000.\0001\000.\0002\000\040\000t\000e\000s\000t\000\050\000\051}{subsection.5.3.1}% 32
\BOOKMARK [1][-]{section.5.4}{\376\377\0005\000.\0004\000\040\004\032\004\073\004\060\004\101\004\101\000\040\000T\000r\000e\000e\000<\000\040\000T\000\040\000e\000x\000t\000e\000n\000d\000s\000\040\000C\000o\000m\000p\000a\000r\000a\000b\000l\000e\000<\000\040\000T\000\040\000>\000.\000N\000o\000d\000e}{chapter.5}% 33
\BOOKMARK [2][-]{subsection.5.4.1}{\376\377\0005\000.\0004\000.\0001\000\040\004\032\004\076\004\075\004\101\004\102\004\100\004\103\004\072\004\102\004\076\004\100\000\050\004\113\000\051}{section.5.4}% 34
\BOOKMARK [3][-]{subsubsection.5.4.1.1}{\376\377\0005\000.\0004\000.\0001\000.\0001\000\040\000N\000o\000d\000e\000\050\000\051}{subsection.5.4.1}% 35
\BOOKMARK [2][-]{subsection.5.4.2}{\376\377\0005\000.\0004\000.\0002\000\040\004\034\004\065\004\102\004\076\004\064\004\113}{section.5.4}% 36
\BOOKMARK [3][-]{subsubsection.5.4.2.1}{\376\377\0005\000.\0004\000.\0002\000.\0001\000\040\000t\000o\000S\000t\000r\000i\000n\000g\000\050\000\051}{subsection.5.4.2}% 37
\BOOKMARK [2][-]{subsection.5.4.3}{\376\377\0005\000.\0004\000.\0003\000\040\004\024\004\060\004\075\004\075\004\113\004\065\000\040\004\072\004\073\004\060\004\101\004\101\004\060}{section.5.4}% 38
\BOOKMARK [3][-]{subsubsection.5.4.3.1}{\376\377\0005\000.\0004\000.\0003\000.\0001\000\040\000h\000e\000i\000g\000h\000t}{subsection.5.4.3}% 39
\BOOKMARK [3][-]{subsubsection.5.4.3.2}{\376\377\0005\000.\0004\000.\0003\000.\0002\000\040\000l\000e\000f\000t}{subsection.5.4.3}% 40
\BOOKMARK [3][-]{subsubsection.5.4.3.3}{\376\377\0005\000.\0004\000.\0003\000.\0003\000\040\000r\000i\000g\000h\000t}{subsection.5.4.3}% 41
\BOOKMARK [3][-]{subsubsection.5.4.3.4}{\376\377\0005\000.\0004\000.\0003\000.\0004\000\040\000v\000a\000l\000u\000e}{subsection.5.4.3}% 42
\BOOKMARK [1][-]{section.5.5}{\376\377\0005\000.\0005\000\040\004\050\004\060\004\061\004\073\004\076\004\075\000\040\004\072\004\073\004\060\004\101\004\101\004\060\000\040\000T\000r\000e\000e\000<\000\040\000T\000\040\000e\000x\000t\000e\000n\000d\000s\000\040\000C\000o\000m\000p\000a\000r\000a\000b\000l\000e\000<\000\040\000T\000\040\000>}{chapter.5}% 43
\BOOKMARK [2][-]{subsection.5.5.1}{\376\377\0005\000.\0005\000.\0001\000\040\004\032\004\076\004\075\004\101\004\102\004\100\004\103\004\072\004\102\004\076\004\100\000\050\004\113\000\051}{section.5.5}% 44
\BOOKMARK [3][-]{subsubsection.5.5.1.1}{\376\377\0005\000.\0005\000.\0001\000.\0001\000\040\000T\000r\000e\000e\000\050\000\051\000\040\000[\0001\000/\0002\000]}{subsection.5.5.1}% 45
\BOOKMARK [3][-]{subsubsection.5.5.1.2}{\376\377\0005\000.\0005\000.\0001\000.\0002\000\040\000T\000r\000e\000e\000\050\000\051\000\040\000[\0002\000/\0002\000]}{subsection.5.5.1}% 46
\BOOKMARK [2][-]{subsection.5.5.2}{\376\377\0005\000.\0005\000.\0002\000\040\004\034\004\065\004\102\004\076\004\064\004\113}{section.5.5}% 47
\BOOKMARK [3][-]{subsubsection.5.5.2.1}{\376\377\0005\000.\0005\000.\0002\000.\0001\000\040\000a\000d\000d\000N\000o\000d\000e\000\050\000\051\000\040\000[\0001\000/\0002\000]}{subsection.5.5.2}% 48
\BOOKMARK [3][-]{subsubsection.5.5.2.2}{\376\377\0005\000.\0005\000.\0002\000.\0002\000\040\000a\000d\000d\000N\000o\000d\000e\000\050\000\051\000\040\000[\0002\000/\0002\000]}{subsection.5.5.2}% 49
\BOOKMARK [3][-]{subsubsection.5.5.2.3}{\376\377\0005\000.\0005\000.\0002\000.\0003\000\040\000i\000n\000s\000e\000r\000t\000N\000o\000d\000e\000\050\000\051}{subsection.5.5.2}% 50
\BOOKMARK [3][-]{subsubsection.5.5.2.4}{\376\377\0005\000.\0005\000.\0002\000.\0004\000\040\000m\000i\000n\000V\000a\000l\000u\000e\000I\000n\000R\000i\000g\000h\000t\000B\000r\000a\000n\000c\000h\000\050\000\051}{subsection.5.5.2}% 51
\BOOKMARK [3][-]{subsubsection.5.5.2.5}{\376\377\0005\000.\0005\000.\0002\000.\0005\000\040\000p\000r\000i\000n\000t\000\050\000\051}{subsection.5.5.2}% 52
\BOOKMARK [3][-]{subsubsection.5.5.2.6}{\376\377\0005\000.\0005\000.\0002\000.\0006\000\040\000p\000r\000i\000n\000t\000T\000r\000e\000e\000\050\000\051}{subsection.5.5.2}% 53
\BOOKMARK [3][-]{subsubsection.5.5.2.7}{\376\377\0005\000.\0005\000.\0002\000.\0007\000\040\000r\000e\000m\000o\000v\000e\000\050\000\051\000\040\000[\0001\000/\0002\000]}{subsection.5.5.2}% 54
\BOOKMARK [3][-]{subsubsection.5.5.2.8}{\376\377\0005\000.\0005\000.\0002\000.\0008\000\040\000r\000e\000m\000o\000v\000e\000\050\000\051\000\040\000[\0002\000/\0002\000]}{subsection.5.5.2}% 55
\BOOKMARK [2][-]{subsection.5.5.3}{\376\377\0005\000.\0005\000.\0003\000\040\004\024\004\060\004\075\004\075\004\113\004\065\000\040\004\072\004\073\004\060\004\101\004\101\004\060}{section.5.5}% 56
\BOOKMARK [3][-]{subsubsection.5.5.3.1}{\376\377\0005\000.\0005\000.\0003\000.\0001\000\040\000p\000a\000r\000e\000n\000t}{subsection.5.5.3}% 57
\BOOKMARK [0][-]{chapter.6}{\376\377\0006\000\040\004\044\004\060\004\071\004\073\004\113}{}% 58
\BOOKMARK [1][-]{section.6.1}{\376\377\0006\000.\0001\000\040\004\044\004\060\004\071\004\073\000\040\000A\000v\000l\000T\000r\000e\000e\000.\000j\000a\000v\000a}{chapter.6}% 59
\BOOKMARK [2][-]{subsection.6.1.1}{\376\377\0006\000.\0001\000.\0001\000\040\004\037\004\076\004\064\004\100\004\076\004\061\004\075\004\076\004\065\000\040\004\076\004\077\004\070\004\101\004\060\004\075\004\070\004\065}{section.6.1}% 60
\BOOKMARK [1][-]{section.6.2}{\376\377\0006\000.\0002\000\040\004\044\004\060\004\071\004\073\000\040\000B\000i\000n\000a\000r\000y\000T\000r\000e\000e\000.\000j\000a\000v\000a}{chapter.6}% 61
\BOOKMARK [2][-]{subsection.6.2.1}{\376\377\0006\000.\0002\000.\0001\000\040\004\037\004\076\004\064\004\100\004\076\004\061\004\075\004\076\004\065\000\040\004\076\004\077\004\070\004\101\004\060\004\075\004\070\004\065}{section.6.2}% 62
\BOOKMARK [1][-]{section.6.3}{\376\377\0006\000.\0003\000\040\004\044\004\060\004\071\004\073\000\040\000M\000a\000i\000n\000.\000j\000a\000v\000a}{chapter.6}% 63
\BOOKMARK [2][-]{subsection.6.3.1}{\376\377\0006\000.\0003\000.\0001\000\040\004\037\004\076\004\064\004\100\004\076\004\061\004\075\004\076\004\065\000\040\004\076\004\077\004\070\004\101\004\060\004\075\004\070\004\065}{section.6.3}% 64
\BOOKMARK [1][-]{section.6.4}{\376\377\0006\000.\0004\000\040\004\044\004\060\004\071\004\073\000\040\000R\000E\000A\000D\000M\000E\000.\000m\000d}{chapter.6}% 65
\BOOKMARK [1][-]{section.6.5}{\376\377\0006\000.\0005\000\040\004\044\004\060\004\071\004\073\000\040\000T\000r\000e\000e\000.\000j\000a\000v\000a}{chapter.6}% 66
\BOOKMARK [2][-]{subsection.6.5.1}{\376\377\0006\000.\0005\000.\0001\000\040\004\037\004\076\004\064\004\100\004\076\004\061\004\075\004\076\004\065\000\040\004\076\004\077\004\070\004\101\004\060\004\075\004\070\004\065}{section.6.5}% 67
